benchmark/build/intermediates/manifest_merge_blame_file/benchmark/processBenchmarkManifest/manifest-merger-blame-benchmark-report.txt
1<?xml version="1.0" encoding="utf-8"?>
2<manifest xmlns:android="http://schemas.android.com/apk/res/android"
3    package="dev.ashwake.benchmark" >
4
5    <uses-sdk
5-->manifest/benchmark/tempFile2ProcessTestManifest13254717779514921647.xml:5:5-7:41
6        android:minSdkVersion="26"
6-->manifest/benchmark/tempFile2ProcessTestManifest13254717779514921647.xml:6:9-35
7        android:targetSdkVersion="35" />
7-->manifest/benchmark/tempFile2ProcessTestManifest13254717779514921647.xml:7:9-38
8
9    <uses-permission android:name="android.permission.WRITE_EXTERNAL_STORAGE" />
9-->manifest/benchmark/tempFile2ProcessTestManifest13254717779514921647.xml:9:5-81
9-->manifest/benchmark/tempFile2ProcessTestManifest13254717779514921647.xml:9:22-78
10
11    <instrumentation
11-->manifest/benchmark/tempFile2ProcessTestManifest13254717779514921647.xml:11:5-16:57
12        android:name="androidx.test.runner.AndroidJUnitRunner"
12-->manifest/benchmark/tempFile2ProcessTestManifest13254717779514921647.xml:12:9-63
13        android:functionalTest="false"
13-->manifest/benchmark/tempFile2ProcessTestManifest13254717779514921647.xml:13:9-39
14        android:handleProfiling="false"
14-->manifest/benchmark/tempFile2ProcessTestManifest13254717779514921647.xml:14:9-40
15        android:label="Tests for dev.ashwake.benchmark"
15-->manifest/benchmark/tempFile2ProcessTestManifest13254717779514921647.xml:15:9-56
16        android:targetPackage="dev.ashwake.benchmark" />
16-->manifest/benchmark/tempFile2ProcessTestManifest13254717779514921647.xml:16:9-54
17
18    <uses-permission android:name="android.permission.READ_EXTERNAL_STORAGE" />
19    <uses-permission android:name="android.permission.QUERY_ALL_PACKAGES" />
19-->[androidx.benchmark:benchmark-macro:1.3.3] AndroidManifest.xml:23:5-25:53
19-->[androidx.benchmark:benchmark-macro:1.3.3] AndroidManifest.xml:24:9-61
20    <!--
21         Internet permission is required for perfetto trace shell processor http server but
22        it's used to reach localhost only
23    -->
24    <uses-permission android:name="android.permission.INTERNET" />
24-->[androidx.benchmark:benchmark-macro:1.3.3] AndroidManifest.xml:31:5-67
24-->[androidx.benchmark:benchmark-macro:1.3.3] AndroidManifest.xml:31:22-64
25    <uses-permission android:name="android.permission.REORDER_TASKS" />
25-->[androidx.test:core:1.6.1] AndroidManifest.xml:24:5-72
25-->[androidx.test:core:1.6.1] AndroidManifest.xml:24:22-69
26
27    <queries>
27-->[androidx.test:runner:1.5.2] AndroidManifest.xml:24:5-28:15
28        <package android:name="androidx.test.orchestrator" />
28-->[androidx.test:runner:1.5.2] AndroidManifest.xml:25:9-62
28-->[androidx.test:runner:1.5.2] AndroidManifest.xml:25:18-59
29        <package android:name="androidx.test.services" />
29-->[androidx.test:runner:1.5.2] AndroidManifest.xml:26:9-58
29-->[androidx.test:runner:1.5.2] AndroidManifest.xml:26:18-55
30        <package android:name="com.google.android.apps.common.testing.services" />
30-->[androidx.test:runner:1.5.2] AndroidManifest.xml:27:9-83
30-->[androidx.test:runner:1.5.2] AndroidManifest.xml:27:18-80
31    </queries>
32
33    <permission
33-->[androidx.core:core:1.9.0] AndroidManifest.xml:22:5-24:47
34        android:name="dev.ashwake.benchmark.DYNAMIC_RECEIVER_NOT_EXPORTED_PERMISSION"
34-->[androidx.core:core:1.9.0] AndroidManifest.xml:23:9-81
35        android:protectionLevel="signature" />
35-->[androidx.core:core:1.9.0] AndroidManifest.xml:24:9-44
36
37    <uses-permission android:name="dev.ashwake.benchmark.DYNAMIC_RECEIVER_NOT_EXPORTED_PERMISSION" />
37-->[androidx.core:core:1.9.0] AndroidManifest.xml:26:5-97
37-->[androidx.core:core:1.9.0] AndroidManifest.xml:26:22-94
38
39    <application
39-->manifest/benchmark/tempFile2ProcessTestManifest13254717779514921647.xml:18:5-20:19
40        android:appComponentFactory="androidx.core.app.CoreComponentFactory"
40-->[androidx.core:core:1.9.0] AndroidManifest.xml:28:18-86
41        android:debuggable="true"
42        android:extractNativeLibs="false"
43        android:networkSecurityConfig="@xml/network_security_config" >
43-->[androidx.benchmark:benchmark-macro:1.3.3] AndroidManifest.xml:42:18-78
44        <uses-library android:name="android.test.runner" />
44-->manifest/benchmark/tempFile2ProcessTestManifest13254717779514921647.xml:19:9-60
44-->manifest/benchmark/tempFile2ProcessTestManifest13254717779514921647.xml:19:23-57
45        <!-- Activity used to block background content while benchmarks are running -->
46        <activity
46-->[androidx.benchmark:benchmark-common:1.3.3] AndroidManifest.xml:32:9-36:20
47            android:name="androidx.benchmark.IsolationActivity"
47-->[androidx.benchmark:benchmark-common:1.3.3] AndroidManifest.xml:33:13-64
48            android:exported="true"
48-->[androidx.benchmark:benchmark-common:1.3.3] AndroidManifest.xml:34:13-36
49            android:theme="@android:style/Theme.Light.NoTitleBar.Fullscreen" >
49-->[androidx.benchmark:benchmark-common:1.3.3] AndroidManifest.xml:35:13-77
50        </activity>
51        <activity
51-->[androidx.test:core:1.6.1] AndroidManifest.xml:27:9-34:20
52            android:name="androidx.test.core.app.InstrumentationActivityInvoker$BootstrapActivity"
52-->[androidx.test:core:1.6.1] AndroidManifest.xml:28:13-99
53            android:exported="true"
53-->[androidx.test:core:1.6.1] AndroidManifest.xml:29:13-36
54            android:theme="@style/WhiteBackgroundTheme" >
54-->[androidx.test:core:1.6.1] AndroidManifest.xml:30:13-56
55            <intent-filter android:priority="-100" >
55-->[androidx.test:core:1.6.1] AndroidManifest.xml:31:13-33:29
55-->[androidx.test:core:1.6.1] AndroidManifest.xml:31:28-51
56                <category android:name="android.intent.category.LAUNCHER" />
56-->[androidx.test:core:1.6.1] AndroidManifest.xml:32:17-77
56-->[androidx.test:core:1.6.1] AndroidManifest.xml:32:27-74
57            </intent-filter>
58        </activity>
59        <activity
59-->[androidx.test:core:1.6.1] AndroidManifest.xml:35:9-42:20
60            android:name="androidx.test.core.app.InstrumentationActivityInvoker$EmptyActivity"
60-->[androidx.test:core:1.6.1] AndroidManifest.xml:36:13-95
61            android:exported="true"
61-->[androidx.test:core:1.6.1] AndroidManifest.xml:37:13-36
62            android:theme="@style/WhiteBackgroundTheme" >
62-->[androidx.test:core:1.6.1] AndroidManifest.xml:38:13-56
63            <intent-filter android:priority="-100" >
63-->[androidx.test:core:1.6.1] AndroidManifest.xml:31:13-33:29
63-->[androidx.test:core:1.6.1] AndroidManifest.xml:31:28-51
64                <category android:name="android.intent.category.LAUNCHER" />
64-->[androidx.test:core:1.6.1] AndroidManifest.xml:32:17-77
64-->[androidx.test:core:1.6.1] AndroidManifest.xml:32:27-74
65            </intent-filter>
66        </activity>
67        <activity
67-->[androidx.test:core:1.6.1] AndroidManifest.xml:43:9-50:20
68            android:name="androidx.test.core.app.InstrumentationActivityInvoker$EmptyFloatingActivity"
68-->[androidx.test:core:1.6.1] AndroidManifest.xml:44:13-103
69            android:exported="true"
69-->[androidx.test:core:1.6.1] AndroidManifest.xml:45:13-36
70            android:theme="@style/WhiteBackgroundDialogTheme" >
70-->[androidx.test:core:1.6.1] AndroidManifest.xml:46:13-62
71            <intent-filter android:priority="-100" >
71-->[androidx.test:core:1.6.1] AndroidManifest.xml:31:13-33:29
71-->[androidx.test:core:1.6.1] AndroidManifest.xml:31:28-51
72                <category android:name="android.intent.category.LAUNCHER" />
72-->[androidx.test:core:1.6.1] AndroidManifest.xml:32:17-77
72-->[androidx.test:core:1.6.1] AndroidManifest.xml:32:27-74
73            </intent-filter>
74        </activity>
75
76        <receiver
76-->[androidx.tracing:tracing-perfetto:1.0.0] AndroidManifest.xml:24:9-37:20
77            android:name="androidx.tracing.perfetto.TracingReceiver"
77-->[androidx.tracing:tracing-perfetto:1.0.0] AndroidManifest.xml:25:13-69
78            android:directBootAware="false"
78-->[androidx.tracing:tracing-perfetto:1.0.0] AndroidManifest.xml:26:13-44
79            android:enabled="true"
79-->[androidx.tracing:tracing-perfetto:1.0.0] AndroidManifest.xml:27:13-35
80            android:exported="true"
80-->[androidx.tracing:tracing-perfetto:1.0.0] AndroidManifest.xml:28:13-36
81            android:permission="android.permission.DUMP" >
81-->[androidx.tracing:tracing-perfetto:1.0.0] AndroidManifest.xml:29:13-57
82
83            <!-- Note: DUMP above highly limits who can call the receiver; Shell has DUMP perm. -->
84            <intent-filter>
84-->[androidx.tracing:tracing-perfetto:1.0.0] AndroidManifest.xml:32:13-36:29
85                <action android:name="androidx.tracing.perfetto.action.ENABLE_TRACING" />
85-->[androidx.tracing:tracing-perfetto:1.0.0] AndroidManifest.xml:33:17-90
85-->[androidx.tracing:tracing-perfetto:1.0.0] AndroidManifest.xml:33:25-87
86                <action android:name="androidx.tracing.perfetto.action.ENABLE_TRACING_COLD_START" />
86-->[androidx.tracing:tracing-perfetto:1.0.0] AndroidManifest.xml:34:17-101
86-->[androidx.tracing:tracing-perfetto:1.0.0] AndroidManifest.xml:34:25-98
87                <action android:name="androidx.tracing.perfetto.action.DISABLE_TRACING_COLD_START" />
87-->[androidx.tracing:tracing-perfetto:1.0.0] AndroidManifest.xml:35:17-102
87-->[androidx.tracing:tracing-perfetto:1.0.0] AndroidManifest.xml:35:25-99
88            </intent-filter>
89        </receiver>
90
91        <provider
91-->[androidx.tracing:tracing-perfetto:1.0.0] AndroidManifest.xml:39:9-47:20
92            android:name="androidx.startup.InitializationProvider"
92-->[androidx.tracing:tracing-perfetto:1.0.0] AndroidManifest.xml:40:13-67
93            android:authorities="dev.ashwake.benchmark.androidx-startup"
93-->[androidx.tracing:tracing-perfetto:1.0.0] AndroidManifest.xml:41:13-68
94            android:exported="false" >
94-->[androidx.tracing:tracing-perfetto:1.0.0] AndroidManifest.xml:42:13-37
95            <meta-data
95-->[androidx.tracing:tracing-perfetto:1.0.0] AndroidManifest.xml:44:13-46:52
96                android:name="androidx.tracing.perfetto.StartupTracingInitializer"
96-->[androidx.tracing:tracing-perfetto:1.0.0] AndroidManifest.xml:45:17-83
97                android:value="androidx.startup" />
97-->[androidx.tracing:tracing-perfetto:1.0.0] AndroidManifest.xml:46:17-49
98            <meta-data
98-->[androidx.profileinstaller:profileinstaller:1.3.1] AndroidManifest.xml:29:13-31:52
99                android:name="androidx.profileinstaller.ProfileInstallerInitializer"
99-->[androidx.profileinstaller:profileinstaller:1.3.1] AndroidManifest.xml:30:17-85
100                android:value="androidx.startup" />
100-->[androidx.profileinstaller:profileinstaller:1.3.1] AndroidManifest.xml:31:17-49
101        </provider>
102
103        <receiver
103-->[androidx.tracing:tracing-perfetto:1.0.0] AndroidManifest.xml:49:9-55:20
104            android:name="androidx.tracing.perfetto.StartupTracingConfigStoreIsEnabledGate"
104-->[androidx.tracing:tracing-perfetto:1.0.0] AndroidManifest.xml:50:13-92
105            android:directBootAware="false"
105-->[androidx.tracing:tracing-perfetto:1.0.0] AndroidManifest.xml:51:13-44
106            android:enabled="false"
106-->[androidx.tracing:tracing-perfetto:1.0.0] AndroidManifest.xml:52:13-36
107            android:exported="false" >
107-->[androidx.tracing:tracing-perfetto:1.0.0] AndroidManifest.xml:53:13-37
108        </receiver>
109        <receiver
109-->[androidx.profileinstaller:profileinstaller:1.3.1] AndroidManifest.xml:34:9-52:20
110            android:name="androidx.profileinstaller.ProfileInstallReceiver"
110-->[androidx.profileinstaller:profileinstaller:1.3.1] AndroidManifest.xml:35:13-76
111            android:directBootAware="false"
111-->[androidx.profileinstaller:profileinstaller:1.3.1] AndroidManifest.xml:36:13-44
112            android:enabled="true"
112-->[androidx.profileinstaller:profileinstaller:1.3.1] AndroidManifest.xml:37:13-35
113            android:exported="true"
113-->[androidx.profileinstaller:profileinstaller:1.3.1] AndroidManifest.xml:38:13-36
114            android:permission="android.permission.DUMP" >
114-->[androidx.profileinstaller:profileinstaller:1.3.1] AndroidManifest.xml:39:13-57
115            <intent-filter>
115-->[androidx.profileinstaller:profileinstaller:1.3.1] AndroidManifest.xml:40:13-42:29
116                <action android:name="androidx.profileinstaller.action.INSTALL_PROFILE" />
116-->[androidx.profileinstaller:profileinstaller:1.3.1] AndroidManifest.xml:41:17-91
116-->[androidx.profileinstaller:profileinstaller:1.3.1] AndroidManifest.xml:41:25-88
117            </intent-filter>
118            <intent-filter>
118-->[androidx.profileinstaller:profileinstaller:1.3.1] AndroidManifest.xml:43:13-45:29
119                <action android:name="androidx.profileinstaller.action.SKIP_FILE" />
119-->[androidx.profileinstaller:profileinstaller:1.3.1] AndroidManifest.xml:44:17-85
119-->[androidx.profileinstaller:profileinstaller:1.3.1] AndroidManifest.xml:44:25-82
120            </intent-filter>
121            <intent-filter>
121-->[androidx.profileinstaller:profileinstaller:1.3.1] AndroidManifest.xml:46:13-48:29
122                <action android:name="androidx.profileinstaller.action.SAVE_PROFILE" />
122-->[androidx.profileinstaller:profileinstaller:1.3.1] AndroidManifest.xml:47:17-88
122-->[androidx.profileinstaller:profileinstaller:1.3.1] AndroidManifest.xml:47:25-85
123            </intent-filter>
124            <intent-filter>
124-->[androidx.profileinstaller:profileinstaller:1.3.1] AndroidManifest.xml:49:13-51:29
125                <action android:name="androidx.profileinstaller.action.BENCHMARK_OPERATION" />
125-->[androidx.profileinstaller:profileinstaller:1.3.1] AndroidManifest.xml:50:17-95
125-->[androidx.profileinstaller:profileinstaller:1.3.1] AndroidManifest.xml:50:25-92
126            </intent-filter>
127        </receiver>
128    </application>
129
130</manifest>